<?xml version="1.0" encoding="UTF-8"?>
<!-- Generated by org.testng.reporters.JUnitReportReporter -->
<testsuite skipped="0" hostname="LAPTOP-E40-70" name="com.testingadmin.AdminLogin" tests="1" failures="0" timestamp="2021-05-31T23:11:23 IST" time="12.838" errors="0">
  <testcase name="login" time="12.838" classname="com.testingadmin.AdminLogin"/>
  <system-out/>
</testsuite> <!-- com.testingadmin.AdminLogin -->
